mode: set
github.com/wisp167/pvz/api/client.gen.go:51.70,57.25 2 1
github.com/wisp167/pvz/api/client.gen.go:57.25,58.36 1 0
github.com/wisp167/pvz/api/client.gen.go:58.36,60.4 1 0
github.com/wisp167/pvz/api/client.gen.go:63.2,63.44 1 1
github.com/wisp167/pvz/api/client.gen.go:63.44,65.3 1 1
github.com/wisp167/pvz/api/client.gen.go:67.2,67.26 1 1
github.com/wisp167/pvz/api/client.gen.go:67.26,69.3 1 1
github.com/wisp167/pvz/api/client.gen.go:70.2,70.21 1 1
github.com/wisp167/pvz/api/client.gen.go:75.56,76.31 1 0
github.com/wisp167/pvz/api/client.gen.go:76.31,79.3 2 0
github.com/wisp167/pvz/api/client.gen.go:84.59,85.31 1 0
github.com/wisp167/pvz/api/client.gen.go:85.31,88.3 2 0
github.com/wisp167/pvz/api/client.gen.go:133.153,135.16 2 0
github.com/wisp167/pvz/api/client.gen.go:135.16,137.3 1 0
github.com/wisp167/pvz/api/client.gen.go:138.2,139.61 2 0
github.com/wisp167/pvz/api/client.gen.go:139.61,141.3 1 0
github.com/wisp167/pvz/api/client.gen.go:142.2,142.25 1 0
github.com/wisp167/pvz/api/client.gen.go:145.145,147.16 2 1
github.com/wisp167/pvz/api/client.gen.go:147.16,149.3 1 0
github.com/wisp167/pvz/api/client.gen.go:150.2,151.61 2 1
github.com/wisp167/pvz/api/client.gen.go:151.61,153.3 1 0
github.com/wisp167/pvz/api/client.gen.go:154.2,154.25 1 1
github.com/wisp167/pvz/api/client.gen.go:157.148,159.16 2 0
github.com/wisp167/pvz/api/client.gen.go:159.16,161.3 1 0
github.com/wisp167/pvz/api/client.gen.go:162.2,163.61 2 0
github.com/wisp167/pvz/api/client.gen.go:163.61,165.3 1 0
github.com/wisp167/pvz/api/client.gen.go:166.2,166.25 1 0
github.com/wisp167/pvz/api/client.gen.go:169.135,171.16 2 1
github.com/wisp167/pvz/api/client.gen.go:171.16,173.3 1 0
github.com/wisp167/pvz/api/client.gen.go:174.2,175.61 2 1
github.com/wisp167/pvz/api/client.gen.go:175.61,177.3 1 0
github.com/wisp167/pvz/api/client.gen.go:178.2,178.25 1 1
github.com/wisp167/pvz/api/client.gen.go:181.151,183.16 2 0
github.com/wisp167/pvz/api/client.gen.go:183.16,185.3 1 0
github.com/wisp167/pvz/api/client.gen.go:186.2,187.61 2 0
github.com/wisp167/pvz/api/client.gen.go:187.61,189.3 1 0
github.com/wisp167/pvz/api/client.gen.go:190.2,190.25 1 0
github.com/wisp167/pvz/api/client.gen.go:193.141,195.16 2 0
github.com/wisp167/pvz/api/client.gen.go:195.16,197.3 1 0
github.com/wisp167/pvz/api/client.gen.go:198.2,199.61 2 0
github.com/wisp167/pvz/api/client.gen.go:199.61,201.3 1 0
github.com/wisp167/pvz/api/client.gen.go:202.2,202.25 1 0
github.com/wisp167/pvz/api/client.gen.go:205.123,207.16 2 0
github.com/wisp167/pvz/api/client.gen.go:207.16,209.3 1 0
github.com/wisp167/pvz/api/client.gen.go:210.2,211.61 2 0
github.com/wisp167/pvz/api/client.gen.go:211.61,213.3 1 0
github.com/wisp167/pvz/api/client.gen.go:214.2,214.25 1 0
github.com/wisp167/pvz/api/client.gen.go:217.146,219.16 2 0
github.com/wisp167/pvz/api/client.gen.go:219.16,221.3 1 0
github.com/wisp167/pvz/api/client.gen.go:222.2,223.61 2 0
github.com/wisp167/pvz/api/client.gen.go:223.61,225.3 1 0
github.com/wisp167/pvz/api/client.gen.go:226.2,226.25 1 0
github.com/wisp167/pvz/api/client.gen.go:229.131,231.16 2 0
github.com/wisp167/pvz/api/client.gen.go:231.16,233.3 1 0
github.com/wisp167/pvz/api/client.gen.go:234.2,235.61 2 0
github.com/wisp167/pvz/api/client.gen.go:235.61,237.3 1 0
github.com/wisp167/pvz/api/client.gen.go:238.2,238.25 1 0
github.com/wisp167/pvz/api/client.gen.go:241.151,243.16 2 0
github.com/wisp167/pvz/api/client.gen.go:243.16,245.3 1 0
github.com/wisp167/pvz/api/client.gen.go:246.2,247.61 2 0
github.com/wisp167/pvz/api/client.gen.go:247.61,249.3 1 0
github.com/wisp167/pvz/api/client.gen.go:250.2,250.25 1 0
github.com/wisp167/pvz/api/client.gen.go:253.150,255.16 2 0
github.com/wisp167/pvz/api/client.gen.go:255.16,257.3 1 0
github.com/wisp167/pvz/api/client.gen.go:258.2,259.61 2 0
github.com/wisp167/pvz/api/client.gen.go:259.61,261.3 1 0
github.com/wisp167/pvz/api/client.gen.go:262.2,262.25 1 0
github.com/wisp167/pvz/api/client.gen.go:265.153,267.16 2 0
github.com/wisp167/pvz/api/client.gen.go:267.16,269.3 1 0
github.com/wisp167/pvz/api/client.gen.go:270.2,271.61 2 0
github.com/wisp167/pvz/api/client.gen.go:271.61,273.3 1 0
github.com/wisp167/pvz/api/client.gen.go:274.2,274.25 1 0
github.com/wisp167/pvz/api/client.gen.go:277.145,279.16 2 0
github.com/wisp167/pvz/api/client.gen.go:279.16,281.3 1 0
github.com/wisp167/pvz/api/client.gen.go:282.2,283.61 2 0
github.com/wisp167/pvz/api/client.gen.go:283.61,285.3 1 0
github.com/wisp167/pvz/api/client.gen.go:286.2,286.25 1 0
github.com/wisp167/pvz/api/client.gen.go:289.151,291.16 2 0
github.com/wisp167/pvz/api/client.gen.go:291.16,293.3 1 0
github.com/wisp167/pvz/api/client.gen.go:294.2,295.61 2 0
github.com/wisp167/pvz/api/client.gen.go:295.61,297.3 1 0
github.com/wisp167/pvz/api/client.gen.go:298.2,298.25 1 0
github.com/wisp167/pvz/api/client.gen.go:301.141,303.16 2 1
github.com/wisp167/pvz/api/client.gen.go:303.16,305.3 1 0
github.com/wisp167/pvz/api/client.gen.go:306.2,307.61 2 1
github.com/wisp167/pvz/api/client.gen.go:307.61,309.3 1 0
github.com/wisp167/pvz/api/client.gen.go:310.2,310.25 1 1
github.com/wisp167/pvz/api/client.gen.go:314.105,317.16 3 1
github.com/wisp167/pvz/api/client.gen.go:317.16,319.3 1 0
github.com/wisp167/pvz/api/client.gen.go:320.2,321.81 2 1
github.com/wisp167/pvz/api/client.gen.go:325.113,329.16 3 1
github.com/wisp167/pvz/api/client.gen.go:329.16,331.3 1 0
github.com/wisp167/pvz/api/client.gen.go:333.2,334.29 2 1
github.com/wisp167/pvz/api/client.gen.go:334.29,336.3 1 1
github.com/wisp167/pvz/api/client.gen.go:338.2,339.16 2 1
github.com/wisp167/pvz/api/client.gen.go:339.16,341.3 1 0
github.com/wisp167/pvz/api/client.gen.go:343.2,344.16 2 1
github.com/wisp167/pvz/api/client.gen.go:344.16,346.3 1 0
github.com/wisp167/pvz/api/client.gen.go:348.2,350.17 2 1
github.com/wisp167/pvz/api/client.gen.go:354.95,357.16 3 1
github.com/wisp167/pvz/api/client.gen.go:357.16,359.3 1 0
github.com/wisp167/pvz/api/client.gen.go:360.2,361.76 2 1
github.com/wisp167/pvz/api/client.gen.go:365.108,369.16 3 1
github.com/wisp167/pvz/api/client.gen.go:369.16,371.3 1 0
github.com/wisp167/pvz/api/client.gen.go:373.2,374.29 2 1
github.com/wisp167/pvz/api/client.gen.go:374.29,376.3 1 1
github.com/wisp167/pvz/api/client.gen.go:378.2,379.16 2 1
github.com/wisp167/pvz/api/client.gen.go:379.16,381.3 1 0
github.com/wisp167/pvz/api/client.gen.go:383.2,384.16 2 1
github.com/wisp167/pvz/api/client.gen.go:384.16,386.3 1 0
github.com/wisp167/pvz/api/client.gen.go:388.2,390.17 2 1
github.com/wisp167/pvz/api/client.gen.go:394.101,397.16 3 0
github.com/wisp167/pvz/api/client.gen.go:397.16,399.3 1 0
github.com/wisp167/pvz/api/client.gen.go:400.2,401.79 2 0
github.com/wisp167/pvz/api/client.gen.go:405.111,409.16 3 0
github.com/wisp167/pvz/api/client.gen.go:409.16,411.3 1 0
github.com/wisp167/pvz/api/client.gen.go:413.2,414.29 2 0
github.com/wisp167/pvz/api/client.gen.go:414.29,416.3 1 0
github.com/wisp167/pvz/api/client.gen.go:418.2,419.16 2 0
github.com/wisp167/pvz/api/client.gen.go:419.16,421.3 1 0
github.com/wisp167/pvz/api/client.gen.go:423.2,424.16 2 0
github.com/wisp167/pvz/api/client.gen.go:424.16,426.3 1 0
github.com/wisp167/pvz/api/client.gen.go:428.2,430.17 2 0
github.com/wisp167/pvz/api/client.gen.go:434.83,438.16 3 0
github.com/wisp167/pvz/api/client.gen.go:438.16,440.3 1 0
github.com/wisp167/pvz/api/client.gen.go:442.2,443.29 2 0
github.com/wisp167/pvz/api/client.gen.go:443.29,445.3 1 0
github.com/wisp167/pvz/api/client.gen.go:447.2,448.16 2 0
github.com/wisp167/pvz/api/client.gen.go:448.16,450.3 1 0
github.com/wisp167/pvz/api/client.gen.go:452.2,452.19 1 0
github.com/wisp167/pvz/api/client.gen.go:452.19,455.30 2 0
github.com/wisp167/pvz/api/client.gen.go:455.30,457.142 1 0
github.com/wisp167/pvz/api/client.gen.go:457.142,459.5 1 0
github.com/wisp167/pvz/api/client.gen.go:459.10,459.67 1 0
github.com/wisp167/pvz/api/client.gen.go:459.67,461.5 1 0
github.com/wisp167/pvz/api/client.gen.go:461.10,462.30 1 0
github.com/wisp167/pvz/api/client.gen.go:462.30,463.27 1 0
github.com/wisp167/pvz/api/client.gen.go:463.27,465.7 1 0
github.com/wisp167/pvz/api/client.gen.go:471.3,471.28 1 0
github.com/wisp167/pvz/api/client.gen.go:471.28,473.138 1 0
github.com/wisp167/pvz/api/client.gen.go:473.138,475.5 1 0
github.com/wisp167/pvz/api/client.gen.go:475.10,475.67 1 0
github.com/wisp167/pvz/api/client.gen.go:475.67,477.5 1 0
github.com/wisp167/pvz/api/client.gen.go:477.10,478.30 1 0
github.com/wisp167/pvz/api/client.gen.go:478.30,479.27 1 0
github.com/wisp167/pvz/api/client.gen.go:479.27,481.7 1 0
github.com/wisp167/pvz/api/client.gen.go:487.3,487.25 1 0
github.com/wisp167/pvz/api/client.gen.go:487.25,489.132 1 0
github.com/wisp167/pvz/api/client.gen.go:489.132,491.5 1 0
github.com/wisp167/pvz/api/client.gen.go:491.10,491.67 1 0
github.com/wisp167/pvz/api/client.gen.go:491.67,493.5 1 0
github.com/wisp167/pvz/api/client.gen.go:493.10,494.30 1 0
github.com/wisp167/pvz/api/client.gen.go:494.30,495.27 1 0
github.com/wisp167/pvz/api/client.gen.go:495.27,497.7 1 0
github.com/wisp167/pvz/api/client.gen.go:503.3,503.26 1 0
github.com/wisp167/pvz/api/client.gen.go:503.26,505.134 1 0
github.com/wisp167/pvz/api/client.gen.go:505.134,507.5 1 0
github.com/wisp167/pvz/api/client.gen.go:507.10,507.67 1 0
github.com/wisp167/pvz/api/client.gen.go:507.67,509.5 1 0
github.com/wisp167/pvz/api/client.gen.go:509.10,510.30 1 0
github.com/wisp167/pvz/api/client.gen.go:510.30,511.27 1 0
github.com/wisp167/pvz/api/client.gen.go:511.27,513.7 1 0
github.com/wisp167/pvz/api/client.gen.go:519.3,519.43 1 0
github.com/wisp167/pvz/api/client.gen.go:522.2,523.16 2 0
github.com/wisp167/pvz/api/client.gen.go:523.16,525.3 1 0
github.com/wisp167/pvz/api/client.gen.go:527.2,527.17 1 0
github.com/wisp167/pvz/api/client.gen.go:531.91,534.16 3 0
github.com/wisp167/pvz/api/client.gen.go:534.16,536.3 1 0
github.com/wisp167/pvz/api/client.gen.go:537.2,538.74 2 0
github.com/wisp167/pvz/api/client.gen.go:542.106,546.16 3 0
github.com/wisp167/pvz/api/client.gen.go:546.16,548.3 1 0
github.com/wisp167/pvz/api/client.gen.go:550.2,551.29 2 0
github.com/wisp167/pvz/api/client.gen.go:551.29,553.3 1 0
github.com/wisp167/pvz/api/client.gen.go:555.2,556.16 2 0
github.com/wisp167/pvz/api/client.gen.go:556.16,558.3 1 0
github.com/wisp167/pvz/api/client.gen.go:560.2,561.16 2 0
github.com/wisp167/pvz/api/client.gen.go:561.16,563.3 1 0
github.com/wisp167/pvz/api/client.gen.go:565.2,567.17 2 0
github.com/wisp167/pvz/api/client.gen.go:571.111,577.16 4 0
github.com/wisp167/pvz/api/client.gen.go:577.16,579.3 1 0
github.com/wisp167/pvz/api/client.gen.go:581.2,582.16 2 0
github.com/wisp167/pvz/api/client.gen.go:582.16,584.3 1 0
github.com/wisp167/pvz/api/client.gen.go:586.2,587.29 2 0
github.com/wisp167/pvz/api/client.gen.go:587.29,589.3 1 0
github.com/wisp167/pvz/api/client.gen.go:591.2,592.16 2 0
github.com/wisp167/pvz/api/client.gen.go:592.16,594.3 1 0
github.com/wisp167/pvz/api/client.gen.go:596.2,597.16 2 0
github.com/wisp167/pvz/api/client.gen.go:597.16,599.3 1 0
github.com/wisp167/pvz/api/client.gen.go:601.2,601.17 1 0
github.com/wisp167/pvz/api/client.gen.go:605.110,611.16 4 0
github.com/wisp167/pvz/api/client.gen.go:611.16,613.3 1 0
github.com/wisp167/pvz/api/client.gen.go:615.2,616.16 2 0
github.com/wisp167/pvz/api/client.gen.go:616.16,618.3 1 0
github.com/wisp167/pvz/api/client.gen.go:620.2,621.29 2 0
github.com/wisp167/pvz/api/client.gen.go:621.29,623.3 1 0
github.com/wisp167/pvz/api/client.gen.go:625.2,626.16 2 0
github.com/wisp167/pvz/api/client.gen.go:626.16,628.3 1 0
github.com/wisp167/pvz/api/client.gen.go:630.2,631.16 2 0
github.com/wisp167/pvz/api/client.gen.go:631.16,633.3 1 0
github.com/wisp167/pvz/api/client.gen.go:635.2,635.17 1 0
github.com/wisp167/pvz/api/client.gen.go:639.105,642.16 3 0
github.com/wisp167/pvz/api/client.gen.go:642.16,644.3 1 0
github.com/wisp167/pvz/api/client.gen.go:645.2,646.81 2 0
github.com/wisp167/pvz/api/client.gen.go:650.113,654.16 3 0
github.com/wisp167/pvz/api/client.gen.go:654.16,656.3 1 0
github.com/wisp167/pvz/api/client.gen.go:658.2,659.29 2 0
github.com/wisp167/pvz/api/client.gen.go:659.29,661.3 1 0
github.com/wisp167/pvz/api/client.gen.go:663.2,664.16 2 0
github.com/wisp167/pvz/api/client.gen.go:664.16,666.3 1 0
github.com/wisp167/pvz/api/client.gen.go:668.2,669.16 2 0
github.com/wisp167/pvz/api/client.gen.go:669.16,671.3 1 0
github.com/wisp167/pvz/api/client.gen.go:673.2,675.17 2 0
github.com/wisp167/pvz/api/client.gen.go:679.101,682.16 3 1
github.com/wisp167/pvz/api/client.gen.go:682.16,684.3 1 0
github.com/wisp167/pvz/api/client.gen.go:685.2,686.79 2 1
github.com/wisp167/pvz/api/client.gen.go:690.111,694.16 3 1
github.com/wisp167/pvz/api/client.gen.go:694.16,696.3 1 0
github.com/wisp167/pvz/api/client.gen.go:698.2,699.29 2 1
github.com/wisp167/pvz/api/client.gen.go:699.29,701.3 1 1
github.com/wisp167/pvz/api/client.gen.go:703.2,704.16 2 1
github.com/wisp167/pvz/api/client.gen.go:704.16,706.3 1 0
github.com/wisp167/pvz/api/client.gen.go:708.2,709.16 2 1
github.com/wisp167/pvz/api/client.gen.go:709.16,711.3 1 0
github.com/wisp167/pvz/api/client.gen.go:713.2,715.17 2 1
github.com/wisp167/pvz/api/client.gen.go:718.114,719.37 1 1
github.com/wisp167/pvz/api/client.gen.go:719.37,720.37 1 0
github.com/wisp167/pvz/api/client.gen.go:720.37,722.4 1 0
github.com/wisp167/pvz/api/client.gen.go:724.2,724.38 1 1
github.com/wisp167/pvz/api/client.gen.go:724.38,725.37 1 0
github.com/wisp167/pvz/api/client.gen.go:725.37,727.4 1 0
github.com/wisp167/pvz/api/client.gen.go:729.2,729.12 1 1
github.com/wisp167/pvz/api/client.gen.go:739.96,741.16 2 1
github.com/wisp167/pvz/api/client.gen.go:741.16,743.3 1 0
github.com/wisp167/pvz/api/client.gen.go:744.2,744.42 1 1
github.com/wisp167/pvz/api/client.gen.go:748.47,749.31 1 0
github.com/wisp167/pvz/api/client.gen.go:749.31,751.17 2 0
github.com/wisp167/pvz/api/client.gen.go:751.17,753.4 1 0
github.com/wisp167/pvz/api/client.gen.go:754.3,755.13 2 0
github.com/wisp167/pvz/api/client.gen.go:809.49,810.27 1 0
github.com/wisp167/pvz/api/client.gen.go:810.27,812.3 1 0
github.com/wisp167/pvz/api/client.gen.go:813.2,813.27 1 0
github.com/wisp167/pvz/api/client.gen.go:817.50,818.27 1 1
github.com/wisp167/pvz/api/client.gen.go:818.27,820.3 1 1
github.com/wisp167/pvz/api/client.gen.go:821.2,821.10 1 0
github.com/wisp167/pvz/api/client.gen.go:832.44,833.27 1 0
github.com/wisp167/pvz/api/client.gen.go:833.27,835.3 1 0
github.com/wisp167/pvz/api/client.gen.go:836.2,836.27 1 0
github.com/wisp167/pvz/api/client.gen.go:840.45,841.27 1 1
github.com/wisp167/pvz/api/client.gen.go:841.27,843.3 1 1
github.com/wisp167/pvz/api/client.gen.go:844.2,844.10 1 0
github.com/wisp167/pvz/api/client.gen.go:856.47,857.27 1 0
github.com/wisp167/pvz/api/client.gen.go:857.27,859.3 1 0
github.com/wisp167/pvz/api/client.gen.go:860.2,860.27 1 0
github.com/wisp167/pvz/api/client.gen.go:864.48,865.27 1 0
github.com/wisp167/pvz/api/client.gen.go:865.27,867.3 1 0
github.com/wisp167/pvz/api/client.gen.go:868.2,868.10 1 0
github.com/wisp167/pvz/api/client.gen.go:884.41,885.27 1 0
github.com/wisp167/pvz/api/client.gen.go:885.27,887.3 1 0
github.com/wisp167/pvz/api/client.gen.go:888.2,888.27 1 0
github.com/wisp167/pvz/api/client.gen.go:892.42,893.27 1 0
github.com/wisp167/pvz/api/client.gen.go:893.27,895.3 1 0
github.com/wisp167/pvz/api/client.gen.go:896.2,896.10 1 0
github.com/wisp167/pvz/api/client.gen.go:908.42,909.27 1 0
github.com/wisp167/pvz/api/client.gen.go:909.27,911.3 1 0
github.com/wisp167/pvz/api/client.gen.go:912.2,912.27 1 0
github.com/wisp167/pvz/api/client.gen.go:916.43,917.27 1 0
github.com/wisp167/pvz/api/client.gen.go:917.27,919.3 1 0
github.com/wisp167/pvz/api/client.gen.go:920.2,920.10 1 0
github.com/wisp167/pvz/api/client.gen.go:932.65,933.27 1 0
github.com/wisp167/pvz/api/client.gen.go:933.27,935.3 1 0
github.com/wisp167/pvz/api/client.gen.go:936.2,936.27 1 0
github.com/wisp167/pvz/api/client.gen.go:940.66,941.27 1 0
github.com/wisp167/pvz/api/client.gen.go:941.27,943.3 1 0
github.com/wisp167/pvz/api/client.gen.go:944.2,944.10 1 0
github.com/wisp167/pvz/api/client.gen.go:955.64,956.27 1 0
github.com/wisp167/pvz/api/client.gen.go:956.27,958.3 1 0
github.com/wisp167/pvz/api/client.gen.go:959.2,959.27 1 0
github.com/wisp167/pvz/api/client.gen.go:963.65,964.27 1 0
github.com/wisp167/pvz/api/client.gen.go:964.27,966.3 1 0
github.com/wisp167/pvz/api/client.gen.go:967.2,967.10 1 0
github.com/wisp167/pvz/api/client.gen.go:979.49,980.27 1 0
github.com/wisp167/pvz/api/client.gen.go:980.27,982.3 1 0
github.com/wisp167/pvz/api/client.gen.go:983.2,983.27 1 0
github.com/wisp167/pvz/api/client.gen.go:987.50,988.27 1 0
github.com/wisp167/pvz/api/client.gen.go:988.27,990.3 1 0
github.com/wisp167/pvz/api/client.gen.go:991.2,991.10 1 0
github.com/wisp167/pvz/api/client.gen.go:1002.47,1003.27 1 0
github.com/wisp167/pvz/api/client.gen.go:1003.27,1005.3 1 0
github.com/wisp167/pvz/api/client.gen.go:1006.2,1006.27 1 0
github.com/wisp167/pvz/api/client.gen.go:1010.48,1011.27 1 1
github.com/wisp167/pvz/api/client.gen.go:1011.27,1013.3 1 1
github.com/wisp167/pvz/api/client.gen.go:1014.2,1014.10 1 0
github.com/wisp167/pvz/api/client.gen.go:1018.187,1020.16 2 0
github.com/wisp167/pvz/api/client.gen.go:1020.16,1022.3 1 0
github.com/wisp167/pvz/api/client.gen.go:1023.2,1023.41 1 0
github.com/wisp167/pvz/api/client.gen.go:1026.179,1028.16 2 1
github.com/wisp167/pvz/api/client.gen.go:1028.16,1030.3 1 0
github.com/wisp167/pvz/api/client.gen.go:1031.2,1031.41 1 1
github.com/wisp167/pvz/api/client.gen.go:1035.177,1037.16 2 0
github.com/wisp167/pvz/api/client.gen.go:1037.16,1039.3 1 0
github.com/wisp167/pvz/api/client.gen.go:1040.2,1040.36 1 0
github.com/wisp167/pvz/api/client.gen.go:1043.164,1045.16 2 1
github.com/wisp167/pvz/api/client.gen.go:1045.16,1047.3 1 0
github.com/wisp167/pvz/api/client.gen.go:1048.2,1048.36 1 1
github.com/wisp167/pvz/api/client.gen.go:1052.183,1054.16 2 0
github.com/wisp167/pvz/api/client.gen.go:1054.16,1056.3 1 0
github.com/wisp167/pvz/api/client.gen.go:1057.2,1057.39 1 0
github.com/wisp167/pvz/api/client.gen.go:1060.173,1062.16 2 0
github.com/wisp167/pvz/api/client.gen.go:1062.16,1064.3 1 0
github.com/wisp167/pvz/api/client.gen.go:1065.2,1065.39 1 0
github.com/wisp167/pvz/api/client.gen.go:1069.149,1071.16 2 0
github.com/wisp167/pvz/api/client.gen.go:1071.16,1073.3 1 0
github.com/wisp167/pvz/api/client.gen.go:1074.2,1074.33 1 0
github.com/wisp167/pvz/api/client.gen.go:1078.173,1080.16 2 0
github.com/wisp167/pvz/api/client.gen.go:1080.16,1082.3 1 0
github.com/wisp167/pvz/api/client.gen.go:1083.2,1083.34 1 0
github.com/wisp167/pvz/api/client.gen.go:1086.158,1088.16 2 0
github.com/wisp167/pvz/api/client.gen.go:1088.16,1090.3 1 0
github.com/wisp167/pvz/api/client.gen.go:1091.2,1091.34 1 0
github.com/wisp167/pvz/api/client.gen.go:1095.201,1097.16 2 0
github.com/wisp167/pvz/api/client.gen.go:1097.16,1099.3 1 0
github.com/wisp167/pvz/api/client.gen.go:1100.2,1100.57 1 0
github.com/wisp167/pvz/api/client.gen.go:1104.199,1106.16 2 0
github.com/wisp167/pvz/api/client.gen.go:1106.16,1108.3 1 0
github.com/wisp167/pvz/api/client.gen.go:1109.2,1109.56 1 0
github.com/wisp167/pvz/api/client.gen.go:1113.187,1115.16 2 0
github.com/wisp167/pvz/api/client.gen.go:1115.16,1117.3 1 0
github.com/wisp167/pvz/api/client.gen.go:1118.2,1118.41 1 0
github.com/wisp167/pvz/api/client.gen.go:1121.179,1123.16 2 0
github.com/wisp167/pvz/api/client.gen.go:1123.16,1125.3 1 0
github.com/wisp167/pvz/api/client.gen.go:1126.2,1126.41 1 0
github.com/wisp167/pvz/api/client.gen.go:1130.183,1132.16 2 0
github.com/wisp167/pvz/api/client.gen.go:1132.16,1134.3 1 0
github.com/wisp167/pvz/api/client.gen.go:1135.2,1135.39 1 0
github.com/wisp167/pvz/api/client.gen.go:1138.173,1140.16 2 1
github.com/wisp167/pvz/api/client.gen.go:1140.16,1142.3 1 0
github.com/wisp167/pvz/api/client.gen.go:1143.2,1143.39 1 1
github.com/wisp167/pvz/api/client.gen.go:1147.87,1149.15 2 1
github.com/wisp167/pvz/api/client.gen.go:1149.15,1149.39 1 1
github.com/wisp167/pvz/api/client.gen.go:1150.2,1150.16 1 1
github.com/wisp167/pvz/api/client.gen.go:1150.16,1152.3 1 0
github.com/wisp167/pvz/api/client.gen.go:1154.2,1159.9 2 1
github.com/wisp167/pvz/api/client.gen.go:1160.89,1162.58 2 1
github.com/wisp167/pvz/api/client.gen.go:1162.58,1164.4 1 0
github.com/wisp167/pvz/api/client.gen.go:1165.3,1165.27 1 1
github.com/wisp167/pvz/api/client.gen.go:1167.89,1169.58 2 1
github.com/wisp167/pvz/api/client.gen.go:1169.58,1171.4 1 0
github.com/wisp167/pvz/api/client.gen.go:1172.3,1172.27 1 1
github.com/wisp167/pvz/api/client.gen.go:1176.2,1176.22 1 1
github.com/wisp167/pvz/api/client.gen.go:1180.77,1182.15 2 1
github.com/wisp167/pvz/api/client.gen.go:1182.15,1182.39 1 1
github.com/wisp167/pvz/api/client.gen.go:1183.2,1183.16 1 1
github.com/wisp167/pvz/api/client.gen.go:1183.16,1185.3 1 0
github.com/wisp167/pvz/api/client.gen.go:1187.2,1192.9 2 1
github.com/wisp167/pvz/api/client.gen.go:1193.89,1195.58 2 1
github.com/wisp167/pvz/api/client.gen.go:1195.58,1197.4 1 0
github.com/wisp167/pvz/api/client.gen.go:1198.3,1198.27 1 1
github.com/wisp167/pvz/api/client.gen.go:1200.89,1202.58 2 1
github.com/wisp167/pvz/api/client.gen.go:1202.58,1204.4 1 0
github.com/wisp167/pvz/api/client.gen.go:1205.3,1205.27 1 1
github.com/wisp167/pvz/api/client.gen.go:1209.2,1209.22 1 1
github.com/wisp167/pvz/api/client.gen.go:1213.83,1215.15 2 0
github.com/wisp167/pvz/api/client.gen.go:1215.15,1215.39 1 0
github.com/wisp167/pvz/api/client.gen.go:1216.2,1216.16 1 0
github.com/wisp167/pvz/api/client.gen.go:1216.16,1218.3 1 0
github.com/wisp167/pvz/api/client.gen.go:1220.2,1225.9 2 0
github.com/wisp167/pvz/api/client.gen.go:1226.89,1228.58 2 0
github.com/wisp167/pvz/api/client.gen.go:1228.58,1230.4 1 0
github.com/wisp167/pvz/api/client.gen.go:1231.3,1231.27 1 0
github.com/wisp167/pvz/api/client.gen.go:1233.89,1235.58 2 0
github.com/wisp167/pvz/api/client.gen.go:1235.58,1237.4 1 0
github.com/wisp167/pvz/api/client.gen.go:1238.3,1238.27 1 0
github.com/wisp167/pvz/api/client.gen.go:1240.89,1242.58 2 0
github.com/wisp167/pvz/api/client.gen.go:1242.58,1244.4 1 0
github.com/wisp167/pvz/api/client.gen.go:1245.3,1245.27 1 0
github.com/wisp167/pvz/api/client.gen.go:1249.2,1249.22 1 0
github.com/wisp167/pvz/api/client.gen.go:1253.71,1255.15 2 0
github.com/wisp167/pvz/api/client.gen.go:1255.15,1255.39 1 0
github.com/wisp167/pvz/api/client.gen.go:1256.2,1256.16 1 0
github.com/wisp167/pvz/api/client.gen.go:1256.16,1258.3 1 0
github.com/wisp167/pvz/api/client.gen.go:1260.2,1265.9 2 0
github.com/wisp167/pvz/api/client.gen.go:1266.89,1274.58 2 0
github.com/wisp167/pvz/api/client.gen.go:1274.58,1276.4 1 0
github.com/wisp167/pvz/api/client.gen.go:1277.3,1277.27 1 0
github.com/wisp167/pvz/api/client.gen.go:1281.2,1281.22 1 0
github.com/wisp167/pvz/api/client.gen.go:1285.73,1287.15 2 0
github.com/wisp167/pvz/api/client.gen.go:1287.15,1287.39 1 0
github.com/wisp167/pvz/api/client.gen.go:1288.2,1288.16 1 0
github.com/wisp167/pvz/api/client.gen.go:1288.16,1290.3 1 0
github.com/wisp167/pvz/api/client.gen.go:1292.2,1297.9 2 0
github.com/wisp167/pvz/api/client.gen.go:1298.89,1300.58 2 0
github.com/wisp167/pvz/api/client.gen.go:1300.58,1302.4 1 0
github.com/wisp167/pvz/api/client.gen.go:1303.3,1303.27 1 0
github.com/wisp167/pvz/api/client.gen.go:1305.89,1307.58 2 0
github.com/wisp167/pvz/api/client.gen.go:1307.58,1309.4 1 0
github.com/wisp167/pvz/api/client.gen.go:1310.3,1310.27 1 0
github.com/wisp167/pvz/api/client.gen.go:1312.89,1314.58 2 0
github.com/wisp167/pvz/api/client.gen.go:1314.58,1316.4 1 0
github.com/wisp167/pvz/api/client.gen.go:1317.3,1317.27 1 0
github.com/wisp167/pvz/api/client.gen.go:1321.2,1321.22 1 0
github.com/wisp167/pvz/api/client.gen.go:1325.119,1327.15 2 0
github.com/wisp167/pvz/api/client.gen.go:1327.15,1327.39 1 0
github.com/wisp167/pvz/api/client.gen.go:1328.2,1328.16 1 0
github.com/wisp167/pvz/api/client.gen.go:1328.16,1330.3 1 0
github.com/wisp167/pvz/api/client.gen.go:1332.2,1337.9 2 0
github.com/wisp167/pvz/api/client.gen.go:1338.89,1340.58 2 0
github.com/wisp167/pvz/api/client.gen.go:1340.58,1342.4 1 0
github.com/wisp167/pvz/api/client.gen.go:1343.3,1343.27 1 0
github.com/wisp167/pvz/api/client.gen.go:1345.89,1347.58 2 0
github.com/wisp167/pvz/api/client.gen.go:1347.58,1349.4 1 0
github.com/wisp167/pvz/api/client.gen.go:1350.3,1350.27 1 0
github.com/wisp167/pvz/api/client.gen.go:1352.89,1354.58 2 0
github.com/wisp167/pvz/api/client.gen.go:1354.58,1356.4 1 0
github.com/wisp167/pvz/api/client.gen.go:1357.3,1357.27 1 0
github.com/wisp167/pvz/api/client.gen.go:1361.2,1361.22 1 0
github.com/wisp167/pvz/api/client.gen.go:1365.117,1367.15 2 0
github.com/wisp167/pvz/api/client.gen.go:1367.15,1367.39 1 0
github.com/wisp167/pvz/api/client.gen.go:1368.2,1368.16 1 0
github.com/wisp167/pvz/api/client.gen.go:1368.16,1370.3 1 0
github.com/wisp167/pvz/api/client.gen.go:1372.2,1377.9 2 0
github.com/wisp167/pvz/api/client.gen.go:1378.89,1380.58 2 0
github.com/wisp167/pvz/api/client.gen.go:1380.58,1382.4 1 0
github.com/wisp167/pvz/api/client.gen.go:1383.3,1383.27 1 0
github.com/wisp167/pvz/api/client.gen.go:1385.89,1387.58 2 0
github.com/wisp167/pvz/api/client.gen.go:1387.58,1389.4 1 0
github.com/wisp167/pvz/api/client.gen.go:1390.3,1390.27 1 0
github.com/wisp167/pvz/api/client.gen.go:1394.2,1394.22 1 0
github.com/wisp167/pvz/api/client.gen.go:1398.87,1400.15 2 0
github.com/wisp167/pvz/api/client.gen.go:1400.15,1400.39 1 0
github.com/wisp167/pvz/api/client.gen.go:1401.2,1401.16 1 0
github.com/wisp167/pvz/api/client.gen.go:1401.16,1403.3 1 0
github.com/wisp167/pvz/api/client.gen.go:1405.2,1410.9 2 0
github.com/wisp167/pvz/api/client.gen.go:1411.89,1413.58 2 0
github.com/wisp167/pvz/api/client.gen.go:1413.58,1415.4 1 0
github.com/wisp167/pvz/api/client.gen.go:1416.3,1416.27 1 0
github.com/wisp167/pvz/api/client.gen.go:1418.89,1420.58 2 0
github.com/wisp167/pvz/api/client.gen.go:1420.58,1422.4 1 0
github.com/wisp167/pvz/api/client.gen.go:1423.3,1423.27 1 0
github.com/wisp167/pvz/api/client.gen.go:1425.89,1427.58 2 0
github.com/wisp167/pvz/api/client.gen.go:1427.58,1429.4 1 0
github.com/wisp167/pvz/api/client.gen.go:1430.3,1430.27 1 0
github.com/wisp167/pvz/api/client.gen.go:1434.2,1434.22 1 0
github.com/wisp167/pvz/api/client.gen.go:1438.83,1440.15 2 1
github.com/wisp167/pvz/api/client.gen.go:1440.15,1440.39 1 1
github.com/wisp167/pvz/api/client.gen.go:1441.2,1441.16 1 1
github.com/wisp167/pvz/api/client.gen.go:1441.16,1443.3 1 0
github.com/wisp167/pvz/api/client.gen.go:1445.2,1450.9 2 1
github.com/wisp167/pvz/api/client.gen.go:1451.89,1453.58 2 1
github.com/wisp167/pvz/api/client.gen.go:1453.58,1455.4 1 0
github.com/wisp167/pvz/api/client.gen.go:1456.3,1456.27 1 1
github.com/wisp167/pvz/api/client.gen.go:1458.89,1460.58 2 0
github.com/wisp167/pvz/api/client.gen.go:1460.58,1462.4 1 0
github.com/wisp167/pvz/api/client.gen.go:1463.3,1463.27 1 0
github.com/wisp167/pvz/api/client.gen.go:1467.2,1467.22 1 1
github.com/wisp167/pvz/api/server.gen.go:52.73,58.2 3 1
github.com/wisp167/pvz/api/server.gen.go:61.68,67.2 3 1
github.com/wisp167/pvz/api/server.gen.go:70.71,78.2 4 0
github.com/wisp167/pvz/api/server.gen.go:81.65,91.16 5 0
github.com/wisp167/pvz/api/server.gen.go:91.16,93.3 1 0
github.com/wisp167/pvz/api/server.gen.go:97.2,98.16 2 0
github.com/wisp167/pvz/api/server.gen.go:98.16,100.3 1 0
github.com/wisp167/pvz/api/server.gen.go:104.2,105.16 2 0
github.com/wisp167/pvz/api/server.gen.go:105.16,107.3 1 0
github.com/wisp167/pvz/api/server.gen.go:111.2,112.16 2 0
github.com/wisp167/pvz/api/server.gen.go:112.16,114.3 1 0
github.com/wisp167/pvz/api/server.gen.go:117.2,118.12 2 0
github.com/wisp167/pvz/api/server.gen.go:122.66,130.2 4 0
github.com/wisp167/pvz/api/server.gen.go:133.89,139.16 4 0
github.com/wisp167/pvz/api/server.gen.go:139.16,141.3 1 0
github.com/wisp167/pvz/api/server.gen.go:143.2,147.12 3 0
github.com/wisp167/pvz/api/server.gen.go:151.88,157.16 4 0
github.com/wisp167/pvz/api/server.gen.go:157.16,159.3 1 0
github.com/wisp167/pvz/api/server.gen.go:161.2,165.12 3 0
github.com/wisp167/pvz/api/server.gen.go:169.73,177.2 4 0
github.com/wisp167/pvz/api/server.gen.go:180.71,186.2 3 1
github.com/wisp167/pvz/api/server.gen.go:204.62,206.2 1 0
github.com/wisp167/pvz/api/server.gen.go:210.89,226.2 10 0
github.com/wisp167/pvz/api/spec.gen.go:53.35,55.16 2 1
github.com/wisp167/pvz/api/spec.gen.go:55.16,57.3 1 0
github.com/wisp167/pvz/api/spec.gen.go:58.2,59.16 2 1
github.com/wisp167/pvz/api/spec.gen.go:59.16,61.3 1 0
github.com/wisp167/pvz/api/spec.gen.go:62.2,64.16 3 1
github.com/wisp167/pvz/api/spec.gen.go:64.16,66.3 1 0
github.com/wisp167/pvz/api/spec.gen.go:68.2,68.25 1 1
github.com/wisp167/pvz/api/spec.gen.go:74.48,76.32 2 1
github.com/wisp167/pvz/api/spec.gen.go:76.32,78.3 1 0
github.com/wisp167/pvz/api/spec.gen.go:82.73,84.25 2 0
github.com/wisp167/pvz/api/spec.gen.go:84.25,86.3 1 0
github.com/wisp167/pvz/api/spec.gen.go:88.2,88.12 1 0
github.com/wisp167/pvz/api/spec.gen.go:96.52,101.87 4 0
github.com/wisp167/pvz/api/spec.gen.go:101.87,105.10 4 0
github.com/wisp167/pvz/api/spec.gen.go:105.10,108.4 2 0
github.com/wisp167/pvz/api/spec.gen.go:109.3,109.19 1 0
github.com/wisp167/pvz/api/spec.gen.go:111.2,113.16 3 0
github.com/wisp167/pvz/api/spec.gen.go:113.16,115.3 1 0
github.com/wisp167/pvz/api/spec.gen.go:116.2,117.16 2 0
github.com/wisp167/pvz/api/spec.gen.go:117.16,119.3 1 0
github.com/wisp167/pvz/api/spec.gen.go:120.2,120.8 1 0
github.com/wisp167/pvz/internal/data/models.go:20.45,24.16 2 1
github.com/wisp167/pvz/internal/data/models.go:24.16,26.3 1 0
github.com/wisp167/pvz/internal/data/models.go:28.2,30.8 1 1
github.com/wisp167/pvz/internal/data/models.go:34.85,36.16 2 1
github.com/wisp167/pvz/internal/data/models.go:36.16,38.3 1 0
github.com/wisp167/pvz/internal/data/models.go:41.2,44.38 2 1
github.com/wisp167/pvz/internal/data/models.go:44.38,47.3 2 1
github.com/wisp167/pvz/internal/data/models.go:49.2,49.20 1 1
github.com/wisp167/pvz/internal/data/models.go:53.93,57.16 2 0
github.com/wisp167/pvz/internal/data/models.go:57.16,59.3 1 0
github.com/wisp167/pvz/internal/data/models.go:61.2,62.38 2 0
github.com/wisp167/pvz/internal/data/models.go:62.38,65.3 2 0
github.com/wisp167/pvz/internal/data/models.go:68.2,68.22 1 0
github.com/wisp167/pvz/internal/data/queries.go:26.91,30.57 2 1
github.com/wisp167/pvz/internal/data/queries.go:30.57,34.17 4 1
github.com/wisp167/pvz/internal/data/queries.go:34.17,36.4 1 1
github.com/wisp167/pvz/internal/data/queries.go:37.3,37.13 1 1
github.com/wisp167/pvz/internal/data/queries.go:40.2,40.16 1 1
github.com/wisp167/pvz/internal/data/queries.go:40.16,42.3 1 1
github.com/wisp167/pvz/internal/data/queries.go:43.2,43.28 1 1
github.com/wisp167/pvz/internal/data/queries.go:46.107,50.57 2 1
github.com/wisp167/pvz/internal/data/queries.go:50.57,54.37 4 1
github.com/wisp167/pvz/internal/data/queries.go:54.37,56.4 1 0
github.com/wisp167/pvz/internal/data/queries.go:57.3,58.13 2 1
github.com/wisp167/pvz/internal/data/queries.go:60.2,60.16 1 1
github.com/wisp167/pvz/internal/data/queries.go:60.16,62.3 1 0
github.com/wisp167/pvz/internal/data/queries.go:63.2,63.18 1 1
github.com/wisp167/pvz/internal/data/queries.go:66.87,70.57 2 0
github.com/wisp167/pvz/internal/data/queries.go:70.57,74.3 3 0
github.com/wisp167/pvz/internal/data/queries.go:75.2,75.16 1 0
github.com/wisp167/pvz/internal/data/queries.go:75.16,77.3 1 0
github.com/wisp167/pvz/internal/data/queries.go:78.2,78.17 1 0
github.com/wisp167/pvz/internal/data/queries.go:81.123,85.57 2 0
github.com/wisp167/pvz/internal/data/queries.go:85.57,89.3 3 0
github.com/wisp167/pvz/internal/data/queries.go:90.2,90.16 1 0
github.com/wisp167/pvz/internal/data/queries.go:90.16,92.3 1 0
github.com/wisp167/pvz/internal/data/queries.go:93.2,93.23 1 0
github.com/wisp167/pvz/internal/data/queries.go:96.109,100.57 2 0
github.com/wisp167/pvz/internal/data/queries.go:100.57,104.3 3 0
github.com/wisp167/pvz/internal/data/queries.go:105.2,105.16 1 0
github.com/wisp167/pvz/internal/data/queries.go:105.16,107.3 1 0
github.com/wisp167/pvz/internal/data/queries.go:108.2,108.21 1 0
github.com/wisp167/pvz/internal/data/queries.go:111.115,115.57 2 0
github.com/wisp167/pvz/internal/data/queries.go:115.57,119.3 3 0
github.com/wisp167/pvz/internal/data/queries.go:120.2,120.16 1 0
github.com/wisp167/pvz/internal/data/queries.go:120.16,122.3 1 0
github.com/wisp167/pvz/internal/data/queries.go:123.2,124.23 2 0
github.com/wisp167/pvz/internal/data/queries.go:127.90,129.57 1 0
github.com/wisp167/pvz/internal/data/queries.go:129.57,133.3 3 0
github.com/wisp167/pvz/internal/data/queries.go:134.2,134.16 1 0
github.com/wisp167/pvz/internal/data/queries.go:134.16,136.3 1 0
github.com/wisp167/pvz/internal/data/queries.go:137.2,137.12 1 0
github.com/wisp167/pvz/internal/data/queries.go:152.108,156.65 3 0
github.com/wisp167/pvz/internal/data/queries.go:156.65,160.17 4 0
github.com/wisp167/pvz/internal/data/queries.go:160.17,162.4 1 0
github.com/wisp167/pvz/internal/data/queries.go:165.3,165.28 1 0
github.com/wisp167/pvz/internal/data/queries.go:165.28,169.82 2 0
github.com/wisp167/pvz/internal/data/queries.go:169.82,171.5 1 0
github.com/wisp167/pvz/internal/data/queries.go:174.4,184.37 3 0
github.com/wisp167/pvz/internal/data/queries.go:186.3,186.13 1 0
github.com/wisp167/pvz/internal/data/queries.go:189.2,189.16 1 0
github.com/wisp167/pvz/internal/data/queries.go:189.16,191.3 1 0
github.com/wisp167/pvz/internal/data/queries.go:193.2,193.20 1 0
github.com/wisp167/pvz/internal/data/queries.go:196.94,199.21 2 0
github.com/wisp167/pvz/internal/data/queries.go:199.21,201.3 1 0
github.com/wisp167/pvz/internal/data/queries.go:203.2,204.22 2 0
github.com/wisp167/pvz/internal/data/queries.go:204.22,206.3 1 0
github.com/wisp167/pvz/internal/data/queries.go:208.2,214.26 2 0
github.com/wisp167/pvz/internal/data/queries.go:214.26,219.3 1 0
github.com/wisp167/pvz/internal/data/queries.go:221.2,221.24 1 0
github.com/wisp167/pvz/internal/data/queries.go:221.24,226.3 1 0
github.com/wisp167/pvz/internal/data/queries.go:228.2,228.15 1 0
github.com/wisp167/pvz/internal/db/db.go:20.28,22.2 1 0
github.com/wisp167/pvz/internal/db/db.go:24.62,27.76 3 1
github.com/wisp167/pvz/internal/db/db.go:27.76,29.3 1 0
github.com/wisp167/pvz/internal/db/db.go:30.2,30.84 1 1
github.com/wisp167/pvz/internal/db/db.go:30.84,32.3 1 0
github.com/wisp167/pvz/internal/db/db.go:33.2,33.96 1 1
github.com/wisp167/pvz/internal/db/db.go:33.96,35.3 1 0
github.com/wisp167/pvz/internal/db/db.go:36.2,36.74 1 1
github.com/wisp167/pvz/internal/db/db.go:36.74,38.3 1 0
github.com/wisp167/pvz/internal/db/db.go:39.2,39.76 1 1
github.com/wisp167/pvz/internal/db/db.go:39.76,41.3 1 0
github.com/wisp167/pvz/internal/db/db.go:42.2,42.90 1 1
github.com/wisp167/pvz/internal/db/db.go:42.90,44.3 1 0
github.com/wisp167/pvz/internal/db/db.go:45.2,45.98 1 1
github.com/wisp167/pvz/internal/db/db.go:45.98,47.3 1 0
github.com/wisp167/pvz/internal/db/db.go:48.2,48.96 1 1
github.com/wisp167/pvz/internal/db/db.go:48.96,50.3 1 0
github.com/wisp167/pvz/internal/db/db.go:51.2,51.16 1 1
github.com/wisp167/pvz/internal/db/db.go:54.33,56.29 2 0
github.com/wisp167/pvz/internal/db/db.go:56.29,57.52 1 0
github.com/wisp167/pvz/internal/db/db.go:57.52,59.4 1 0
github.com/wisp167/pvz/internal/db/db.go:61.2,61.33 1 0
github.com/wisp167/pvz/internal/db/db.go:61.33,62.56 1 0
github.com/wisp167/pvz/internal/db/db.go:62.56,64.4 1 0
github.com/wisp167/pvz/internal/db/db.go:66.2,66.39 1 0
github.com/wisp167/pvz/internal/db/db.go:66.39,67.62 1 0
github.com/wisp167/pvz/internal/db/db.go:67.62,69.4 1 0
github.com/wisp167/pvz/internal/db/db.go:71.2,71.28 1 0
github.com/wisp167/pvz/internal/db/db.go:71.28,72.51 1 0
github.com/wisp167/pvz/internal/db/db.go:72.51,74.4 1 0
github.com/wisp167/pvz/internal/db/db.go:76.2,76.29 1 0
github.com/wisp167/pvz/internal/db/db.go:76.29,77.52 1 0
github.com/wisp167/pvz/internal/db/db.go:77.52,79.4 1 0
github.com/wisp167/pvz/internal/db/db.go:81.2,81.36 1 0
github.com/wisp167/pvz/internal/db/db.go:81.36,82.59 1 0
github.com/wisp167/pvz/internal/db/db.go:82.59,84.4 1 0
github.com/wisp167/pvz/internal/db/db.go:86.2,86.40 1 0
github.com/wisp167/pvz/internal/db/db.go:86.40,87.63 1 0
github.com/wisp167/pvz/internal/db/db.go:87.63,89.4 1 0
github.com/wisp167/pvz/internal/db/db.go:91.2,91.39 1 0
github.com/wisp167/pvz/internal/db/db.go:91.39,92.62 1 0
github.com/wisp167/pvz/internal/db/db.go:92.62,94.4 1 0
github.com/wisp167/pvz/internal/db/db.go:96.2,96.12 1 0
github.com/wisp167/pvz/internal/db/db.go:99.116,100.9 1 0
github.com/wisp167/pvz/internal/db/db.go:101.34,102.63 1 0
github.com/wisp167/pvz/internal/db/db.go:103.19,104.40 1 0
github.com/wisp167/pvz/internal/db/db.go:105.10,106.47 1 0
github.com/wisp167/pvz/internal/db/db.go:110.116,111.9 1 0
github.com/wisp167/pvz/internal/db/db.go:112.34,113.64 1 0
github.com/wisp167/pvz/internal/db/db.go:114.19,115.41 1 0
github.com/wisp167/pvz/internal/db/db.go:116.10,117.48 1 0
github.com/wisp167/pvz/internal/db/db.go:121.109,122.9 1 1
github.com/wisp167/pvz/internal/db/db.go:123.34,124.67 1 1
github.com/wisp167/pvz/internal/db/db.go:125.19,126.44 1 0
github.com/wisp167/pvz/internal/db/db.go:127.10,128.51 1 0
github.com/wisp167/pvz/internal/db/db.go:145.47,158.2 1 1
github.com/wisp167/pvz/internal/db/products.sql.go:45.96,55.2 4 0
github.com/wisp167/pvz/internal/db/products.sql.go:72.94,77.2 4 0
github.com/wisp167/pvz/internal/db/pvz.sql.go:30.85,35.2 4 0
github.com/wisp167/pvz/internal/db/pvz.sql.go:98.131,105.16 2 0
github.com/wisp167/pvz/internal/db/pvz.sql.go:105.16,107.3 1 0
github.com/wisp167/pvz/internal/db/pvz.sql.go:108.2,110.18 3 0
github.com/wisp167/pvz/internal/db/pvz.sql.go:110.18,117.17 2 0
github.com/wisp167/pvz/internal/db/pvz.sql.go:117.17,119.4 1 0
github.com/wisp167/pvz/internal/db/pvz.sql.go:120.3,120.27 1 0
github.com/wisp167/pvz/internal/db/pvz.sql.go:122.2,122.37 1 0
github.com/wisp167/pvz/internal/db/pvz.sql.go:122.37,124.3 1 0
github.com/wisp167/pvz/internal/db/pvz.sql.go:125.2,125.35 1 0
github.com/wisp167/pvz/internal/db/pvz.sql.go:125.35,127.3 1 0
github.com/wisp167/pvz/internal/db/pvz.sql.go:128.2,128.19 1 0
github.com/wisp167/pvz/internal/db/receptions.sql.go:46.99,56.2 4 0
github.com/wisp167/pvz/internal/db/receptions.sql.go:89.111,99.2 4 0
github.com/wisp167/pvz/internal/db/users.sql.go:32.96,37.2 4 1
github.com/wisp167/pvz/internal/db/users.sql.go:50.109,55.2 4 1
github.com/wisp167/pvz/internal/handlers/auth.go:24.59,25.54 1 1
github.com/wisp167/pvz/internal/handlers/auth.go:25.54,26.37 1 1
github.com/wisp167/pvz/internal/handlers/auth.go:26.37,27.50 1 1
github.com/wisp167/pvz/internal/handlers/auth.go:27.50,29.5 1 1
github.com/wisp167/pvz/internal/handlers/auth.go:31.4,32.24 2 0
github.com/wisp167/pvz/internal/handlers/auth.go:32.24,34.5 1 0
github.com/wisp167/pvz/internal/handlers/auth.go:36.4,37.25 2 0
github.com/wisp167/pvz/internal/handlers/auth.go:37.25,39.5 1 0
github.com/wisp167/pvz/internal/handlers/auth.go:41.4,42.103 2 0
github.com/wisp167/pvz/internal/handlers/auth.go:42.103,44.5 1 0
github.com/wisp167/pvz/internal/handlers/auth.go:45.4,45.34 1 0
github.com/wisp167/pvz/internal/handlers/auth.go:45.34,47.5 1 0
github.com/wisp167/pvz/internal/handlers/auth.go:49.4,49.54 1 0
github.com/wisp167/pvz/internal/handlers/auth.go:49.54,50.76 1 0
github.com/wisp167/pvz/internal/handlers/auth.go:50.76,52.6 1 0
github.com/wisp167/pvz/internal/handlers/auth.go:53.5,53.38 1 0
github.com/wisp167/pvz/internal/handlers/auth.go:54.10,56.5 1 0
github.com/wisp167/pvz/internal/handlers/auth.go:58.4,58.18 1 0
github.com/wisp167/pvz/internal/handlers/auth.go:63.60,64.54 1 1
github.com/wisp167/pvz/internal/handlers/auth.go:64.54,65.37 1 0
github.com/wisp167/pvz/internal/handlers/auth.go:65.37,69.35 2 0
github.com/wisp167/pvz/internal/handlers/auth.go:69.35,71.5 1 0
github.com/wisp167/pvz/internal/handlers/auth.go:72.4,73.18 2 0
github.com/wisp167/pvz/internal/handlers/auth.go:87.64,98.16 5 1
github.com/wisp167/pvz/internal/handlers/auth.go:98.16,100.3 1 0
github.com/wisp167/pvz/internal/handlers/auth.go:102.2,102.36 1 1
github.com/wisp167/pvz/internal/handlers/auth.go:106.79,107.36 1 0
github.com/wisp167/pvz/internal/handlers/auth.go:107.36,109.23 2 0
github.com/wisp167/pvz/internal/handlers/auth.go:109.23,112.4 2 0
github.com/wisp167/pvz/internal/handlers/auth.go:114.3,115.24 2 0
github.com/wisp167/pvz/internal/handlers/auth.go:115.24,118.4 2 0
github.com/wisp167/pvz/internal/handlers/auth.go:120.3,121.102 2 0
github.com/wisp167/pvz/internal/handlers/auth.go:121.102,123.4 1 0
github.com/wisp167/pvz/internal/handlers/auth.go:125.3,125.33 1 0
github.com/wisp167/pvz/internal/handlers/auth.go:125.33,126.18 1 0
github.com/wisp167/pvz/internal/handlers/auth.go:126.18,128.5 1 0
github.com/wisp167/pvz/internal/handlers/auth.go:128.10,130.5 1 0
github.com/wisp167/pvz/internal/handlers/auth.go:131.4,131.70 1 0
github.com/wisp167/pvz/internal/handlers/auth.go:134.3,134.17 1 0
github.com/wisp167/pvz/internal/handlers/logger.go:8.45,10.9 2 1
github.com/wisp167/pvz/internal/handlers/logger.go:10.9,13.3 2 0
github.com/wisp167/pvz/internal/handlers/logger.go:14.2,15.10 2 1
github.com/wisp167/pvz/internal/handlers/logger.go:15.10,18.3 2 0
github.com/wisp167/pvz/internal/handlers/logger.go:21.2,26.79 5 1
github.com/wisp167/pvz/internal/handlers/misc.go:15.72,17.24 2 0
github.com/wisp167/pvz/internal/handlers/misc.go:17.24,19.3 1 0
github.com/wisp167/pvz/internal/handlers/misc.go:21.2,22.24 2 0
github.com/wisp167/pvz/internal/handlers/misc.go:22.24,25.3 2 0
github.com/wisp167/pvz/internal/handlers/misc.go:27.2,32.3 1 0
github.com/wisp167/pvz/internal/handlers/misc.go:35.77,42.24 2 0
github.com/wisp167/pvz/internal/handlers/misc.go:42.24,45.3 2 0
github.com/wisp167/pvz/internal/handlers/misc.go:48.2,48.24 1 0
github.com/wisp167/pvz/internal/handlers/misc.go:48.24,50.3 1 0
github.com/wisp167/pvz/internal/handlers/misc.go:50.8,53.3 1 0
github.com/wisp167/pvz/internal/handlers/misc.go:55.2,55.18 1 0
github.com/wisp167/pvz/internal/handlers/misc.go:58.76,66.24 3 0
github.com/wisp167/pvz/internal/handlers/misc.go:66.24,69.3 2 0
github.com/wisp167/pvz/internal/handlers/misc.go:72.2,72.24 1 0
github.com/wisp167/pvz/internal/handlers/misc.go:72.24,74.3 1 0
github.com/wisp167/pvz/internal/handlers/misc.go:74.8,77.3 1 0
github.com/wisp167/pvz/internal/handlers/misc.go:79.2,79.18 1 0
github.com/wisp167/pvz/internal/handlers/misc.go:82.60,90.32 4 0
github.com/wisp167/pvz/internal/handlers/misc.go:90.32,92.3 1 0
github.com/wisp167/pvz/internal/handlers/misc.go:94.2,94.12 1 0
github.com/wisp167/pvz/internal/handlers/misc.go:96.55,99.24 2 1
github.com/wisp167/pvz/internal/handlers/misc.go:99.24,102.3 2 1
github.com/wisp167/pvz/internal/handlers/misc.go:105.2,109.35 3 1
github.com/wisp167/pvz/internal/handlers/misc.go:110.18,111.34 1 1
github.com/wisp167/pvz/internal/handlers/misc.go:112.19,113.35 1 0
github.com/wisp167/pvz/internal/handlers/misc.go:114.10,115.55 1 0
github.com/wisp167/pvz/internal/handlers/misc.go:118.2,122.8 1 1
github.com/wisp167/pvz/internal/handlers/pvz.go:22.79,25.2 2 1
github.com/wisp167/pvz/internal/handlers/pvz.go:29.64,31.52 2 1
github.com/wisp167/pvz/internal/handlers/pvz.go:31.52,34.3 2 0
github.com/wisp167/pvz/internal/handlers/pvz.go:36.2,36.18 1 1
github.com/wisp167/pvz/internal/handlers/pvz.go:37.87,39.17 2 1
github.com/wisp167/pvz/internal/handlers/pvz.go:39.17,41.4 1 0
github.com/wisp167/pvz/internal/handlers/pvz.go:42.3,42.40 1 1
github.com/wisp167/pvz/internal/handlers/pvz.go:50.2,50.65 1 1
github.com/wisp167/pvz/internal/handlers/pvz.go:55.59,57.52 2 1
github.com/wisp167/pvz/internal/handlers/pvz.go:57.52,60.3 2 0
github.com/wisp167/pvz/internal/handlers/pvz.go:61.2,65.16 3 1
github.com/wisp167/pvz/internal/handlers/pvz.go:65.16,66.36 1 1
github.com/wisp167/pvz/internal/handlers/pvz.go:66.36,68.4 1 0
github.com/wisp167/pvz/internal/handlers/pvz.go:69.3,70.78 2 1
github.com/wisp167/pvz/internal/handlers/pvz.go:74.2,75.16 2 1
github.com/wisp167/pvz/internal/handlers/pvz.go:75.16,78.3 2 0
github.com/wisp167/pvz/internal/handlers/pvz.go:80.2,80.39 1 1
github.com/wisp167/pvz/internal/handlers/pvz.go:85.62,92.52 2 0
github.com/wisp167/pvz/internal/handlers/pvz.go:92.52,95.3 2 0
github.com/wisp167/pvz/internal/handlers/pvz.go:97.2,100.35 3 0
github.com/wisp167/pvz/internal/handlers/pvz.go:100.35,102.3 1 0
github.com/wisp167/pvz/internal/handlers/pvz.go:103.2,103.16 1 0
github.com/wisp167/pvz/internal/handlers/pvz.go:103.16,106.3 2 0
github.com/wisp167/pvz/internal/handlers/pvz.go:107.2,107.79 1 0
github.com/wisp167/pvz/internal/handlers/pvz.go:112.81,117.16 3 0
github.com/wisp167/pvz/internal/handlers/pvz.go:117.16,120.3 2 0
github.com/wisp167/pvz/internal/handlers/pvz.go:121.2,121.37 1 0
github.com/wisp167/pvz/internal/handlers/pvz.go:127.57,129.52 2 0
github.com/wisp167/pvz/internal/handlers/pvz.go:129.52,132.3 2 0
github.com/wisp167/pvz/internal/handlers/pvz.go:134.2,137.35 3 0
github.com/wisp167/pvz/internal/handlers/pvz.go:137.35,139.3 1 0
github.com/wisp167/pvz/internal/handlers/pvz.go:140.2,140.16 1 0
github.com/wisp167/pvz/internal/handlers/pvz.go:140.16,143.3 2 0
github.com/wisp167/pvz/internal/handlers/pvz.go:144.2,144.68 1 0
github.com/wisp167/pvz/internal/handlers/pvz.go:149.106,154.16 3 0
github.com/wisp167/pvz/internal/handlers/pvz.go:154.16,157.3 2 0
github.com/wisp167/pvz/internal/handlers/pvz.go:158.2,158.70 1 0
github.com/wisp167/pvz/internal/handlers/pvz.go:163.105,168.16 3 0
github.com/wisp167/pvz/internal/handlers/pvz.go:168.16,171.3 2 0
github.com/wisp167/pvz/internal/handlers/pvz.go:172.2,172.37 1 0
github.com/wisp167/pvz/internal/handlers/pvz.go:177.64,179.52 2 0
github.com/wisp167/pvz/internal/handlers/pvz.go:179.52,182.3 2 0
github.com/wisp167/pvz/internal/handlers/pvz.go:184.2,187.16 3 0
github.com/wisp167/pvz/internal/handlers/pvz.go:187.16,190.3 2 0
github.com/wisp167/pvz/internal/handlers/pvz.go:191.2,191.65 1 0
github.com/wisp167/pvz/internal/handlers/pvz.go:196.62,203.52 2 1
github.com/wisp167/pvz/internal/handlers/pvz.go:203.52,206.3 2 0
github.com/wisp167/pvz/internal/handlers/pvz.go:208.2,211.35 3 1
github.com/wisp167/pvz/internal/handlers/pvz.go:211.35,213.3 1 0
github.com/wisp167/pvz/internal/handlers/pvz.go:214.2,214.16 1 1
github.com/wisp167/pvz/internal/handlers/pvz.go:214.16,217.3 2 0
github.com/wisp167/pvz/internal/handlers/pvz.go:219.2,221.43 2 1
github.com/wisp167/pvz/internal/handlers/wrapper.go:5.80,7.2 1 1
github.com/wisp167/pvz/internal/handlers/wrapper.go:10.107,30.2 12 1
github.com/wisp167/pvz/internal/helpers/helpers.go:15.46,26.16 6 1
github.com/wisp167/pvz/internal/helpers/helpers.go:26.16,32.10 5 0
github.com/wisp167/pvz/internal/helpers/helpers.go:33.37,35.90 1 0
github.com/wisp167/pvz/internal/helpers/helpers.go:36.44,37.86 1 0
github.com/wisp167/pvz/internal/helpers/helpers.go:38.44,39.38 1 0
github.com/wisp167/pvz/internal/helpers/helpers.go:39.38,42.5 1 0
github.com/wisp167/pvz/internal/helpers/helpers.go:43.4,44.99 1 0
github.com/wisp167/pvz/internal/helpers/helpers.go:45.62,48.60 2 0
github.com/wisp167/pvz/internal/helpers/helpers.go:49.31,50.77 1 0
github.com/wisp167/pvz/internal/helpers/helpers.go:51.39,53.68 1 0
github.com/wisp167/pvz/internal/helpers/helpers.go:54.47,56.14 1 0
github.com/wisp167/pvz/internal/helpers/helpers.go:57.11,58.73 1 0
github.com/wisp167/pvz/internal/helpers/helpers.go:63.2,64.19 2 1
github.com/wisp167/pvz/internal/helpers/helpers.go:64.19,66.3 1 0
github.com/wisp167/pvz/internal/helpers/helpers.go:68.2,68.12 1 1
github.com/wisp167/pvz/internal/helpers/helpers.go:71.30,77.2 4 1
github.com/wisp167/pvz/internal/server/logger.go:8.45,10.9 2 0
github.com/wisp167/pvz/internal/server/logger.go:10.9,13.3 2 0
github.com/wisp167/pvz/internal/server/logger.go:14.2,15.10 2 0
github.com/wisp167/pvz/internal/server/logger.go:15.10,18.3 2 0
github.com/wisp167/pvz/internal/server/logger.go:20.2,25.81 5 0
github.com/wisp167/pvz/internal/server/server.go:50.47,59.16 6 1
github.com/wisp167/pvz/internal/server/server.go:59.16,61.3 1 0
github.com/wisp167/pvz/internal/server/server.go:63.2,64.16 2 1
github.com/wisp167/pvz/internal/server/server.go:64.16,66.3 1 0
github.com/wisp167/pvz/internal/server/server.go:67.2,68.16 2 1
github.com/wisp167/pvz/internal/server/server.go:68.16,70.3 1 0
github.com/wisp167/pvz/internal/server/server.go:71.2,72.18 2 1
github.com/wisp167/pvz/internal/server/server.go:72.18,74.3 1 0
github.com/wisp167/pvz/internal/server/server.go:75.2,97.16 15 1
github.com/wisp167/pvz/internal/server/server.go:97.16,99.3 1 0
github.com/wisp167/pvz/internal/server/server.go:101.2,102.16 2 1
github.com/wisp167/pvz/internal/server/server.go:102.16,104.3 1 0
github.com/wisp167/pvz/internal/server/server.go:106.2,114.17 2 1
github.com/wisp167/pvz/internal/server/server.go:117.88,120.38 1 1
github.com/wisp167/pvz/internal/server/server.go:120.38,124.4 1 1
github.com/wisp167/pvz/internal/server/server.go:127.2,132.49 3 1
github.com/wisp167/pvz/internal/server/server.go:136.39,147.37 6 1
github.com/wisp167/pvz/internal/server/server.go:147.37,150.3 2 0
github.com/wisp167/pvz/internal/server/server.go:152.2,160.12 6 1
github.com/wisp167/pvz/internal/server/server.go:160.12,161.42 1 1
github.com/wisp167/pvz/internal/server/server.go:161.42,163.4 1 0
github.com/wisp167/pvz/internal/server/server.go:166.2,166.12 1 1
github.com/wisp167/pvz/internal/server/server.go:169.38,170.23 1 0
github.com/wisp167/pvz/internal/server/server.go:170.23,172.3 1 0
github.com/wisp167/pvz/internal/server/server.go:174.2,177.49 3 0
github.com/wisp167/pvz/internal/server/server.go:177.49,179.3 1 0
github.com/wisp167/pvz/internal/server/server.go:181.2,182.12 2 0
github.com/wisp167/pvz/internal/server/server.go:185.42,194.16 3 1
github.com/wisp167/pvz/internal/server/server.go:194.16,196.3 1 0
github.com/wisp167/pvz/internal/server/server.go:198.2,202.16 4 1
github.com/wisp167/pvz/internal/server/server.go:202.16,204.3 1 0
github.com/wisp167/pvz/internal/server/server.go:205.2,212.16 5 1
github.com/wisp167/pvz/internal/server/server.go:212.16,214.3 1 0
github.com/wisp167/pvz/internal/server/server.go:215.2,215.16 1 1
github.com/wisp167/pvz/tests/testing_helpers.go:28.52,30.17 2 1
github.com/wisp167/pvz/tests/testing_helpers.go:30.17,32.3 1 0
github.com/wisp167/pvz/tests/testing_helpers.go:34.2,37.30 3 1
github.com/wisp167/pvz/tests/testing_helpers.go:37.30,40.3 2 1
github.com/wisp167/pvz/tests/testing_helpers.go:42.2,42.24 1 1
github.com/wisp167/pvz/tests/testing_helpers.go:46.57,51.2 4 0
github.com/wisp167/pvz/tests/testing_helpers.go:54.57,56.14 2 0
github.com/wisp167/pvz/tests/testing_helpers.go:57.18,58.52 1 0
github.com/wisp167/pvz/tests/testing_helpers.go:59.19,60.53 1 0
github.com/wisp167/pvz/tests/testing_helpers.go:61.10,62.37 1 0
github.com/wisp167/pvz/tests/testing_helpers.go:65.2,75.30 7 0
github.com/wisp167/pvz/tests/testing_helpers.go:79.66,81.14 2 0
github.com/wisp167/pvz/tests/testing_helpers.go:82.22,83.41 1 0
github.com/wisp167/pvz/tests/testing_helpers.go:84.39,85.58 1 0
github.com/wisp167/pvz/tests/testing_helpers.go:86.22,87.41 1 0
github.com/wisp167/pvz/tests/testing_helpers.go:88.10,89.37 1 0
github.com/wisp167/pvz/tests/testing_helpers.go:92.2,97.56 3 0
github.com/wisp167/pvz/tests/testing_helpers.go:97.56,100.3 2 0
github.com/wisp167/pvz/tests/testing_helpers.go:101.2,105.21 4 0
github.com/wisp167/pvz/tests/testing_helpers.go:109.79,118.56 5 0
github.com/wisp167/pvz/tests/testing_helpers.go:118.56,121.3 2 0
github.com/wisp167/pvz/tests/testing_helpers.go:122.2,126.21 4 0
github.com/wisp167/pvz/tests/testing_helpers.go:130.92,138.21 6 0
github.com/wisp167/pvz/tests/testing_helpers.go:139.32,140.68 1 0
github.com/wisp167/pvz/tests/testing_helpers.go:141.22,142.58 1 0
github.com/wisp167/pvz/tests/testing_helpers.go:143.20,144.56 1 0
github.com/wisp167/pvz/tests/testing_helpers.go:145.10,146.52 1 0
github.com/wisp167/pvz/tests/testing_helpers.go:149.2,152.56 1 0
github.com/wisp167/pvz/tests/testing_helpers.go:152.56,155.3 2 0
github.com/wisp167/pvz/tests/testing_helpers.go:156.2,160.21 4 0
github.com/wisp167/pvz/tests/testing_helpers.go:164.78,171.147 5 0
github.com/wisp167/pvz/tests/testing_helpers.go:171.147,174.3 2 0
github.com/wisp167/pvz/tests/testing_helpers.go:175.2,179.21 4 0
